app/build/intermediates/manifest_merge_blame_file/debug/manifest-merger-blame-debug-report.txt
1<?xml version="1.0" encoding="utf-8"?>
2<manifest xmlns:android="http://schemas.android.com/apk/res/android"
3    package="com.greenusys.vehicledealerapp"
4    android:versionCode="1"
5    android:versionName="1.0" >
6
7    <uses-sdk
8        android:minSdkVersion="24"
8-->src\main\AndroidManifest.xml
9        android:targetSdkVersion="33" />
9-->src\main\AndroidManifest.xml
10
11    <uses-feature
11-->src\main\AndroidManifest.xml:7:5-9:36
12        android:name="android.hardware.camera"
12-->src\main\AndroidManifest.xml:8:9-47
13        android:required="false" />
13-->src\main\AndroidManifest.xml:9:9-33
14
15    <uses-permission android:name="android.permission.INTERNET" />
15-->src\main\AndroidManifest.xml:11:5-67
15-->src\main\AndroidManifest.xml:11:22-64
16    <uses-permission android:name="android.permission.CAMERA" />
16-->src\main\AndroidManifest.xml:12:5-65
16-->src\main\AndroidManifest.xml:12:22-62
17    <uses-permission android:name="android.permission.WRITE_EXTERNAL_STORAGE" />
17-->src\main\AndroidManifest.xml:13:5-15:40
17-->src\main\AndroidManifest.xml:14:9-65
18    <uses-permission
18-->src\main\AndroidManifest.xml:16:5-18:38
19        android:name="android.permission.READ_EXTERNAL_STORAGE"
19-->src\main\AndroidManifest.xml:17:9-64
20        android:maxSdkVersion="32" />
20-->src\main\AndroidManifest.xml:18:9-35
21    <uses-permission android:name="android.permission.MANAGE_EXTERNAL_STORAGE" />
21-->src\main\AndroidManifest.xml:19:5-21:40
21-->src\main\AndroidManifest.xml:20:9-66
22
23    <application
23-->src\main\AndroidManifest.xml:23:5-75:19
24        android:allowBackup="true"
24-->src\main\AndroidManifest.xml:24:9-35
25        android:appComponentFactory="androidx.core.app.CoreComponentFactory"
25-->[androidx.core:core:1.8.0] AndroidManifest.xml:24:18-86
26        android:dataExtractionRules="@xml/data_extraction_rules"
26-->src\main\AndroidManifest.xml:25:9-65
27        android:debuggable="true"
28        android:extractNativeLibs="false"
29        android:fullBackupContent="@xml/backup_rules"
29-->src\main\AndroidManifest.xml:26:9-54
30        android:icon="@mipmap/ic_launcher"
30-->src\main\AndroidManifest.xml:27:9-43
31        android:label="@string/app_name"
31-->src\main\AndroidManifest.xml:28:9-41
32        android:requestLegacyExternalStorage="true"
32-->src\main\AndroidManifest.xml:29:9-52
33        android:roundIcon="@mipmap/ic_launcher"
33-->src\main\AndroidManifest.xml:30:9-48
34        android:supportsRtl="true"
34-->src\main\AndroidManifest.xml:31:9-35
35        android:theme="@style/Theme.VehicleDealerApp"
35-->src\main\AndroidManifest.xml:32:9-54
36        android:usesCleartextTraffic="true" >
36-->src\main\AndroidManifest.xml:33:9-44
37        <activity
37-->src\main\AndroidManifest.xml:35:9-37:40
38            android:name="com.greenusys.vehicledealerapp.activities.VerificationActivity"
38-->src\main\AndroidManifest.xml:36:13-60
39            android:exported="false" />
39-->src\main\AndroidManifest.xml:37:13-37
40        <activity
40-->src\main\AndroidManifest.xml:38:9-40:40
41            android:name="com.greenusys.vehicledealerapp.activities.UserProfileActivity"
41-->src\main\AndroidManifest.xml:39:13-59
42            android:exported="false" />
42-->src\main\AndroidManifest.xml:40:13-37
43        <activity
43-->src\main\AndroidManifest.xml:41:9-43:40
44            android:name="com.greenusys.vehicledealerapp.activities.ProfileFormDealerActivity"
44-->src\main\AndroidManifest.xml:42:13-65
45            android:exported="false" />
45-->src\main\AndroidManifest.xml:43:13-37
46        <activity
46-->src\main\AndroidManifest.xml:44:9-46:40
47            android:name="com.greenusys.vehicledealerapp.activities.VehicleDetailsActivity"
47-->src\main\AndroidManifest.xml:45:13-62
48            android:exported="false" />
48-->src\main\AndroidManifest.xml:46:13-37
49        <activity
49-->src\main\AndroidManifest.xml:47:9-49:40
50            android:name="com.greenusys.vehicledealerapp.activities.AddVehicleDetailsActivity"
50-->src\main\AndroidManifest.xml:48:13-65
51            android:exported="false" />
51-->src\main\AndroidManifest.xml:49:13-37
52        <activity
52-->src\main\AndroidManifest.xml:50:9-52:40
53            android:name="com.greenusys.vehicledealerapp.activities.DashboardActivity"
53-->src\main\AndroidManifest.xml:51:13-57
54            android:exported="false" />
54-->src\main\AndroidManifest.xml:52:13-37
55        <activity
55-->src\main\AndroidManifest.xml:53:9-55:40
56            android:name="com.greenusys.vehicledealerapp.activities.LoginActivity"
56-->src\main\AndroidManifest.xml:54:13-53
57            android:exported="false" />
57-->src\main\AndroidManifest.xml:55:13-37
58        <activity
58-->src\main\AndroidManifest.xml:56:9-64:20
59            android:name="com.greenusys.vehicledealerapp.SplashScreenActivity"
59-->src\main\AndroidManifest.xml:57:13-49
60            android:exported="true" >
60-->src\main\AndroidManifest.xml:58:13-36
61            <intent-filter>
61-->src\main\AndroidManifest.xml:59:13-63:29
62                <action android:name="android.intent.action.MAIN" />
62-->src\main\AndroidManifest.xml:60:17-69
62-->src\main\AndroidManifest.xml:60:25-66
63
64                <category android:name="android.intent.category.LAUNCHER" />
64-->src\main\AndroidManifest.xml:62:17-77
64-->src\main\AndroidManifest.xml:62:27-74
65            </intent-filter>
66        </activity>
67
68        <provider
68-->src\main\AndroidManifest.xml:66:9-74:20
69            android:name="androidx.core.content.FileProvider"
69-->src\main\AndroidManifest.xml:67:13-62
70            android:authorities="com.greenusys.vehicledealerapp.FileProvider"
70-->src\main\AndroidManifest.xml:68:13-78
71            android:exported="false"
71-->src\main\AndroidManifest.xml:69:13-37
72            android:grantUriPermissions="true" >
72-->src\main\AndroidManifest.xml:70:13-47
73            <meta-data
73-->src\main\AndroidManifest.xml:71:13-73:54
74                android:name="android.support.FILE_PROVIDER_PATHS"
74-->src\main\AndroidManifest.xml:72:17-67
75                android:resource="@xml/file_paths" />
75-->src\main\AndroidManifest.xml:73:17-51
76        </provider>
77
78        <uses-library
78-->[androidx.window:window:1.0.0] AndroidManifest.xml:25:9-27:40
79            android:name="androidx.window.extensions"
79-->[androidx.window:window:1.0.0] AndroidManifest.xml:26:13-54
80            android:required="false" />
80-->[androidx.window:window:1.0.0] AndroidManifest.xml:27:13-37
81        <uses-library
81-->[androidx.window:window:1.0.0] AndroidManifest.xml:28:9-30:40
82            android:name="androidx.window.sidecar"
82-->[androidx.window:window:1.0.0] AndroidManifest.xml:29:13-51
83            android:required="false" />
83-->[androidx.window:window:1.0.0] AndroidManifest.xml:30:13-37
84
85        <activity
85-->[com.google.android.gms:play-services-base:18.1.0] AndroidManifest.xml:20:9-22:45
86            android:name="com.google.android.gms.common.api.GoogleApiActivity"
86-->[com.google.android.gms:play-services-base:18.1.0] AndroidManifest.xml:20:19-85
87            android:exported="false"
87-->[com.google.android.gms:play-services-base:18.1.0] AndroidManifest.xml:22:19-43
88            android:theme="@android:style/Theme.Translucent.NoTitleBar" />
88-->[com.google.android.gms:play-services-base:18.1.0] AndroidManifest.xml:21:19-78
89
90        <meta-data
90-->[com.google.android.gms:play-services-basement:18.1.0] AndroidManifest.xml:21:9-23:69
91            android:name="com.google.android.gms.version"
91-->[com.google.android.gms:play-services-basement:18.1.0] AndroidManifest.xml:22:13-58
92            android:value="@integer/google_play_services_version" />
92-->[com.google.android.gms:play-services-basement:18.1.0] AndroidManifest.xml:23:13-66
93
94        <provider
94-->[androidx.emoji2:emoji2:1.0.0] AndroidManifest.xml:26:9-34:20
95            android:name="androidx.startup.InitializationProvider"
95-->[androidx.emoji2:emoji2:1.0.0] AndroidManifest.xml:27:13-67
96            android:authorities="com.greenusys.vehicledealerapp.androidx-startup"
96-->[androidx.emoji2:emoji2:1.0.0] AndroidManifest.xml:28:13-68
97            android:exported="false" >
97-->[androidx.emoji2:emoji2:1.0.0] AndroidManifest.xml:29:13-37
98            <meta-data
98-->[androidx.emoji2:emoji2:1.0.0] AndroidManifest.xml:31:13-33:52
99                android:name="androidx.emoji2.text.EmojiCompatInitializer"
99-->[androidx.emoji2:emoji2:1.0.0] AndroidManifest.xml:32:17-75
100                android:value="androidx.startup" />
100-->[androidx.emoji2:emoji2:1.0.0] AndroidManifest.xml:33:17-49
101            <meta-data
101-->[androidx.lifecycle:lifecycle-process:2.4.0] AndroidManifest.xml:31:13-33:52
102                android:name="androidx.lifecycle.ProcessLifecycleInitializer"
102-->[androidx.lifecycle:lifecycle-process:2.4.0] AndroidManifest.xml:32:17-78
103                android:value="androidx.startup" />
103-->[androidx.lifecycle:lifecycle-process:2.4.0] AndroidManifest.xml:33:17-49
104        </provider>
105    </application>
106
107</manifest>